[2026-04-13 10:23:59] Error: Connection lost: The server closed the connection.
    at Socket.<anonymous> (/app/node_modules/mysql2/lib/base/connection.js:113:31)
    at Socket.emit (node:events:519:28)
    at Pipe.<anonymous> (node:net:346:12) {
  fatal: true,
  code: 'PROTOCOL_CONNECTION_LOST'
}
[2026-04-14 03:58:28] Error: read ECONNRESET
    at Pipe.onStreamRead (node:internal/stream_base_commons:216:20) {
  errno: -104,
  code: 'ECONNRESET',
  syscall: 'read',
  fatal: true
}
[2026-04-14 03:58:28] Error: Connection lost: The server closed the connection.
    at Socket.<anonymous> (/app/node_modules/mysql2/lib/base/connection.js:113:31)
    at Socket.emit (node:events:519:28)
    at Pipe.<anonymous> (node:net:346:12) {
  fatal: true,
  code: 'PROTOCOL_CONNECTION_LOST'
}
[2026-04-17 12:06:30] Error: write EPIPE
    at afterWriteDispatched (node:internal/stream_base_commons:159:15)
    at writeGeneric (node:internal/stream_base_commons:150:3)
    at Socket._writeGeneric (node:net:966:11)
    at Socket._write (node:net:978:8)
    at writeOrBuffer (node:internal/streams/writable:572:12)
    at _write (node:internal/streams/writable:501:10)
    at Writable.write (node:internal/streams/writable:510:10)
    at Connection.write (/app/node_modules/mysql2/lib/base/connection.js:256:32)
    at Connection.writePacket (/app/node_modules/mysql2/lib/base/connection.js:303:12)
    at Query.start (/app/node_modules/mysql2/lib/commands/query.js:60:16) {
  errno: -32,
  code: 'EPIPE',
  syscall: 'write',
  fatal: true
}
